[2022-02-11 13:59:44] [WARNING]: 虚拟设备信息不存在, 将自动生成随机设备. 
[2022-02-11 13:59:50] [WARNING]: 登录需要滑条验证码, 请使用手机QQ扫描二维码以继续登录. 
[2022-02-11 14:00:24] [WARNING]: 登录需要滑条验证码, 请使用手机QQ扫描二维码以继续登录. 
[2022-02-11 14:01:04] [WARNING]: 登录需要滑条验证码, 请使用手机QQ扫描二维码以继续登录. 
[2022-02-11 14:01:51] [WARNING]: 登录需要滑条验证码, 请使用手机QQ扫描二维码以继续登录. 
[2022-02-11 14:07:35] [WARNING]: 登录需要滑条验证码, 请使用手机QQ扫描二维码以继续登录. 
[2022-02-11 14:08:34] [WARNING]: 登录需要滑条验证码, 请使用手机QQ扫描二维码以继续登录. 
[2022-02-11 14:08:54] [WARNING]: 检查更新失败: 使用的 Actions 测试版或自编译版本. 
[2022-02-11 14:09:43] [WARNING]: 警告: 配置文件内的QQ号 (2575481427) 与缓存内的QQ号 (2576481427) 不相同 
[2022-02-11 14:09:43] [WARNING]: 1. 使用会话缓存继续. 
[2022-02-11 14:09:43] [WARNING]: 2. 删除会话缓存并重启. 
[2022-02-11 14:09:43] [WARNING]: 请选择: (5秒后自动选1) 
[2022-02-11 14:09:50] [ERROR]: Protocol -> parse incoming packet error: session expired 
[2022-02-11 14:09:50] [WARNING]: Bot已离线: session expired 
[2022-02-11 14:09:53] [WARNING]: 将在 3 秒后尝试重连. 重连次数：2/0 
[2022-02-11 14:09:56] [WARNING]: 尝试重连... 
[2022-02-11 14:09:56] [WARNING]: 快速重连失败: exchange_emp failed: 15 
[2022-02-11 14:09:56] [WARNING]: 快速重连失败, 尝试普通登录. 这可能是因为其他端强行T下线导致的. 
[2022-02-11 14:09:57] [WARNING]: 登录需要滑条验证码, 请使用手机QQ扫描二维码以继续登录. 
[2022-02-11 14:10:20] [FATAL]: 遇到错误: Packet timed out 
[2022-02-11 14:10:39] [WARNING]: 检查更新失败: 使用的 Actions 测试版或自编译版本. 
[2022-02-11 14:13:29] [WARNING]: 检查更新失败: 使用的 Actions 测试版或自编译版本. 
[2022-02-11 14:15:53] [WARNING]: 检查更新失败: 使用的 Actions 测试版或自编译版本. 
